Using pre-set license
Built from '2020.2/release' branch; Version is '2020.2.1f1 (270dd8c3da1c) revision 2559448'; Using compiler version '192528614'; Build Type 'Release'
OS: 'Windows 10  (10.0.0) 64bit' Language: 'en' Physical Memory: 16326 MB
BatchMode: 1, IsHumanControllingUs: 0, StartBugReporterOnCrash: 0, Is64bit: 1, IsPro: 0

 COMMAND LINE ARGUMENTS:
C:\Program Files\Unity\Hub\Editor\2020.2.1f1\Editor\Unity.exe
-adb2
-batchMode
-noUpm
-name
AssetImportWorker0
-projectPath
C:/Users/Gnaarf/Desktop/Projects/Beatlets
-logFile
Logs/AssetImportWorker0.log
-srvPort
51920
Successfully changed project path to: C:/Users/Gnaarf/Desktop/Projects/Beatlets
C:/Users/Gnaarf/Desktop/Projects/Beatlets
Using Asset Import Pipeline V2.
Refreshing native plugins compatible for Editor in 49.31 ms, found 0 plugins.
Preloading 0 native plugins for Editor in 0.00 ms.
Initialize engine version: 2020.2.1f1 (270dd8c3da1c)
[Subsystems] Discovering subsystems at path C:/Program Files/Unity/Hub/Editor/2020.2.1f1/Editor/Data/Resources/UnitySubsystems
[Subsystems] Discovering subsystems at path C:/Users/Gnaarf/Desktop/Projects/Beatlets/Assets
GfxDevice: creating device client; threaded=0
Direct3D:
    Version:  Direct3D 11.0 [level 11.1]
    Renderer: NVIDIA GeForce GTX 1060 3GB (ID=0x1c02)
    Vendor:   
    VRAM:     2988 MB
    Driver:   27.21.14.5671
Initialize mono
Mono path[0] = 'C:/Program Files/Unity/Hub/Editor/2020.2.1f1/Editor/Data/Managed'
Mono path[1] = 'C:/Program Files/Unity/Hub/Editor/2020.2.1f1/Editor/Data/MonoBleedingEdge/lib/mono/unityjit'
Mono config path = 'C:/Program Files/Unity/Hub/Editor/2020.2.1f1/Editor/Data/MonoBleedingEdge/etc'
Using monoOptions --debugger-agent=transport=dt_socket,embedding=1,server=y,suspend=n,address=127.0.0.1:56028
Begin MonoManager ReloadAssembly
Registering precompiled unity dll's ...
Register platform support module: C:/Program Files/Unity/Hub/Editor/2020.2.1f1/Editor/Data/PlaybackEngines/WindowsStandaloneSupport/UnityEditor.WindowsStandalone.Extensions.dll
Registered in 0.002287 seconds.
Native extension for WindowsStandalone target not found
Refreshing native plugins compatible for Editor in 45.47 ms, found 0 plugins.
Preloading 0 native plugins for Editor in 0.00 ms.
Invoked RoslynAnalysisRunner static constructor.
RoslynAnalysisRunner will not be running.
RoslynAnalysisRunner has terminated.
Mono: successfully reloaded assembly
- Completed reload, in  1.473 seconds
Platform modules already initialized, skipping
Registering precompiled user dll's ...
Registered in 0.002999 seconds.
Begin MonoManager ReloadAssembly
Native extension for WindowsStandalone target not found
Refreshing native plugins compatible for Editor in 0.37 ms, found 0 plugins.
Preloading 0 native plugins for Editor in 0.00 ms.
Invoked RoslynAnalysisRunner static constructor.
RoslynAnalysisRunner will not be running.
RoslynAnalysisRunner has terminated.
Mono: successfully reloaded assembly
- Completed reload, in  0.976 seconds
Platform modules already initialized, skipping
========================================================================
Worker process is ready to serve import requests
Launched and connected shader compiler UnityShaderCompiler.exe after 0.10 seconds
Refreshing native plugins compatible for Editor in 0.40 ms, found 0 plugins.
Preloading 0 native plugins for Editor in 0.00 ms.
Unloading 1453 Unused Serialized files (Serialized files now loaded: 0)
System memory in use before: 67.2 MB.
System memory in use after: 67.3 MB.

Unloading 32 unused Assets to reduce memory usage. Loaded Objects now: 1884.
Total: 2.728200 ms (FindLiveObjects: 0.245300 ms CreateObjectMapping: 0.109400 ms MarkObjects: 2.274100 ms  DeleteObjects: 0.097900 ms)

========================================================================
Received Import Request.
  path: Assets/Scripts/EndScreenColorPicker.cs
  artifactKey: Guid(73f2418c921e9764a98618531ebd3a06) Importer(815301076,1909f56bfc062723c751e8b465ee728b)
Start importing Assets/Scripts/EndScreenColorPicker.cs using Guid(73f2418c921e9764a98618531ebd3a06) Importer(815301076,1909f56bfc062723c751e8b465ee728b)  -> (artifact id: '42ee22025df64acff60861a8ad501b4f') in 0.052552 seconds
  Import took 0.055279 seconds .

========================================================================
Received Import Request.
  Time since last request: 2.482392 seconds.
  path: Assets/Scripts/SceneChangeOnInputAxis.cs
  artifactKey: Guid(fdb727b27e92534449c21801486a2308) Importer(815301076,1909f56bfc062723c751e8b465ee728b)
Start importing Assets/Scripts/SceneChangeOnInputAxis.cs using Guid(fdb727b27e92534449c21801486a2308) Importer(815301076,1909f56bfc062723c751e8b465ee728b)  -> (artifact id: '7192e0c40bf1d37c54e69bd7a03f9f7f') in 0.007137 seconds
  Import took 0.010493 seconds .

========================================================================
Received Import Request.
  Time since last request: 91.996151 seconds.
  path: Assets/Scripts/Player/PlayerMovement.cs
  artifactKey: Guid(657070cbca60e1543917fee91c103362) Importer(815301076,1909f56bfc062723c751e8b465ee728b)
Start importing Assets/Scripts/Player/PlayerMovement.cs using Guid(657070cbca60e1543917fee91c103362) Importer(815301076,1909f56bfc062723c751e8b465ee728b)  -> (artifact id: '8ea1f58947b02c4cc56f94510a899dcd') in 0.005392 seconds
  Import took 0.008007 seconds .

========================================================================
Received Import Request.
  Time since last request: 0.031449 seconds.
  path: Assets/Scripts/Player/PlayerMovement.cs
  artifactKey: Guid(657070cbca60e1543917fee91c103362) Importer(815301076,1909f56bfc062723c751e8b465ee728b)
Start importing Assets/Scripts/Player/PlayerMovement.cs using Guid(657070cbca60e1543917fee91c103362) Importer(815301076,1909f56bfc062723c751e8b465ee728b)  -> (artifact id: '8ea1f58947b02c4cc56f94510a899dcd') in 0.006128 seconds
  Import took 0.009089 seconds .

========================================================================
Received Prepare
Registering precompiled user dll's ...
Registered in 0.004580 seconds.
Begin MonoManager ReloadAssembly
Native extension for WindowsStandalone target not found
Refreshing native plugins compatible for Editor in 0.40 ms, found 0 plugins.
Preloading 0 native plugins for Editor in 0.00 ms.
Invoked RoslynAnalysisRunner static constructor.
RoslynAnalysisRunner will not be running.
RoslynAnalysisRunner has terminated.
Mono: successfully reloaded assembly
- Completed reload, in  1.033 seconds
Platform modules already initialized, skipping
Refreshing native plugins compatible for Editor in 0.43 ms, found 0 plugins.
Preloading 0 native plugins for Editor in 0.00 ms.
Unloading 1436 Unused Serialized files (Serialized files now loaded: 0)
System memory in use before: 66.4 MB.
System memory in use after: 66.5 MB.

Unloading 24 unused Assets to reduce memory usage. Loaded Objects now: 1886.
Total: 1.882900 ms (FindLiveObjects: 0.167800 ms CreateObjectMapping: 0.046200 ms MarkObjects: 1.646000 ms  DeleteObjects: 0.021500 ms)

